
Time: 1/22/2026, 9:56:26 PM
Platform: win32
CPU Architecture: x64
CPU Cores: 4
Free Memory: 851.51 MB
Total Memory: 6086.82 MB
------------------------------------

Time: 1/22/2026, 9:56:31 PM
Platform: win32
CPU Architecture: x64
CPU Cores: 4
Free Memory: 818.65 MB
Total Memory: 6086.82 MB
------------------------------------

Time: 1/22/2026, 9:56:36 PM
Platform: win32
CPU Architecture: x64
CPU Cores: 4
Free Memory: 808.34 MB
Total Memory: 6086.82 MB
------------------------------------

Time: 1/22/2026, 9:56:41 PM
Platform: win32
CPU Architecture: x64
CPU Cores: 4
Free Memory: 646.71 MB
Total Memory: 6086.82 MB
------------------------------------

Time: 1/22/2026, 9:56:46 PM
Platform: win32
CPU Architecture: x64
CPU Cores: 4
Free Memory: 646.80 MB
Total Memory: 6086.82 MB
------------------------------------

Time: 1/22/2026, 9:56:51 PM
Platform: win32
CPU Architecture: x64
CPU Cores: 4
Free Memory: 677.67 MB
Total Memory: 6086.82 MB
------------------------------------

Time: 1/22/2026, 9:56:56 PM
Platform: win32
CPU Architecture: x64
CPU Cores: 4
Free Memory: 660.18 MB
Total Memory: 6086.82 MB
------------------------------------

Time: 1/22/2026, 9:57:01 PM
Platform: win32
CPU Architecture: x64
CPU Cores: 4
Free Memory: 645.77 MB
Total Memory: 6086.82 MB
------------------------------------
